{
  "RSpec": {
    "coverage": {
      "/api/spec/support/devise_admin_helper.rb": {
        "lines": [
          null,
          null,
          null,
          1,
          1,
          null,
          1,
          0,
          0,
          null,
          null,
          1,
          0,
          null,
          null,
          1,
          0,
          null,
          null,
          1,
          null,
          1,
          0,
          null,
          null
        ]
      },
      "/api/app/models/accounting_account.rb": {
        "lines": [
          null,
          null,
          1,
          1,
          1,
          1,
          1,
          null,
          1,
          1,
          null,
          1,
          null,
          1,
          1,
          1,
          null
        ]
      },
      "/api/spec/models/admin_spec.rb": {
        "lines": [
          null,
          null,
          1,
          null,
          1,
          1,
          null
        ]
      },
      "/api/spec/models/article_spec.rb": {
        "lines": [
          null,
          null,
          1,
          null,
          1,
          2,
          2,
          null,
          1,
          1,
          1,
          null,
          null,
          null,
          null,
          1,
          1,
          null,
          null,
          null,
          null,
          1,
          1,
          null,
          null,
          null,
          null,
          null,
          null,
          1,
          1,
          1,
          null,
          null,
          null,
          null,
          1,
          1,
          null,
          null,
          null,
          null,
          null,
          null,
          1,
          1,
          1,
          null,
          null,
          1,
          1,
          null,
          null,
          1,
          1,
          null,
          null,
          2,
          2,
          1,
          1,
          null,
          null,
          null,
          null,
          1,
          1,
          4,
          null,
          null,
          null,
          2,
          2,
          2,
          1,
          1,
          null,
          null,
          null,
          null,
          1,
          1,
          3,
          null,
          null,
          null,
          2,
          null,
          2,
          1,
          1,
          null,
          null,
          null,
          null,
          1,
          1,
          3,
          null,
          null,
          2,
          null,
          2,
          1,
          1,
          null,
          null,
          null,
          null,
          null
        ]
      },
      "/api/app/models/article.rb": {
        "lines": [
          null,
          null,
          1,
          1,
          null,
          1,
          1,
          null,
          1,
          1,
          1,
          null,
          1,
          1,
          null,
          1,
          1,
          1,
          null,
          1,
          1,
          1,
          null,
          1,
          1,
          null,
          1,
          1,
          null
        ]
      },
      "/api/spec/models/articles_group_spec.rb": {
        "lines": [
          null,
          null,
          1,
          null,
          1,
          2,
          2,
          null,
          2,
          null,
          1,
          1,
          null,
          null,
          null
        ]
      },
      "/api/app/models/articles_group.rb": {
        "lines": [
          null,
          null,
          1,
          1,
          null,
          1,
          null,
          1,
          null
        ]
      },
      "/api/spec/models/company_spec.rb": {
        "lines": [
          null,
          null,
          1,
          null,
          1,
          2,
          1,
          1,
          null,
          null,
          null,
          2,
          2,
          2,
          2,
          2,
          2,
          2,
          null,
          2,
          2,
          null,
          2,
          2,
          null
        ]
      },
      "/api/app/models/company.rb": {
        "lines": [
          null,
          null,
          1,
          1,
          1,
          null,
          1,
          null,
          1,
          1,
          1,
          1,
          1,
          1,
          1,
          null,
          1,
          1,
          null
        ]
      },
      "/api/spec/models/currency_spec.rb": {
        "lines": [
          null,
          null,
          1,
          null,
          1,
          7,
          null,
          7,
          null,
          1,
          1,
          null,
          null,
          1,
          1,
          null,
          null,
          2,
          1,
          1,
          null,
          null,
          1,
          1,
          null,
          null,
          null,
          null,
          null,
          1,
          1,
          null,
          null,
          null,
          null
        ]
      },
      "/api/app/models/currency.rb": {
        "lines": [
          null,
          null,
          1,
          1,
          1,
          1,
          1,
          null
        ]
      },
      "/api/spec/models/exchange_spec.rb": {
        "lines": [
          null,
          null,
          1,
          null,
          1,
          2,
          2,
          null,
          1,
          1,
          null,
          null,
          null,
          null,
          1,
          1,
          null,
          null,
          null,
          null,
          1,
          1,
          null,
          null,
          null
        ]
      },
      "/api/app/models/exchange.rb": {
        "lines": [
          null,
          null,
          1,
          1,
          1,
          1,
          1,
          null,
          1,
          null,
          1,
          0,
          0,
          null,
          null,
          null,
          null,
          null,
          null,
          null
        ]
      },
      "/api/spec/models/tax_spec.rb": {
        "lines": [
          null,
          null,
          1,
          null,
          1,
          2,
          2,
          2,
          null,
          2,
          2,
          null,
          2,
          2,
          null
        ]
      },
      "/api/app/models/tax.rb": {
        "lines": [
          null,
          null,
          1,
          1,
          null,
          1,
          1,
          null,
          1,
          1,
          null
        ]
      },
      "/api/app/models/user.rb": {
        "lines": [
          null,
          null,
          null,
          1,
          null,
          null,
          1,
          null,
          1,
          null,
          null,
          1,
          null,
          null,
          1,
          1,
          1,
          1,
          1,
          null
        ]
      }
    },
    "timestamp": 1624811885
  }
}
